<?xml version="1.0" encoding="UTF-8"?>
<!-- Generated by org.testng.reporters.JUnitXMLReporter -->
<testsuite ignored="0" hostname="LTIN202182" failures="0" tests="13" name="Default test" time="65.936" errors="0" timestamp="2024-02-13T15:23:49 IST">
  <testcase classname="testCases.TC_001_HomePageCab" name="verifySUVsDisplayed" time="11.614"/>
  <testcase classname="testCases.TC_001_HomePageCab" name="cabSelectTest" time="0.578"/>
  <testcase classname="testCases.TC_001_HomePageCab" name="selectFromCity" time="1.698"/>
  <testcase classname="testCases.TC_001_HomePageCab" name="selectToCity" time="2.289"/>
  <testcase classname="testCases.TC_001_HomePageCab" name="selectPickUpDate" time="0.256"/>
  <testcase classname="testCases.TC_001_HomePageCab" name="selectPickUpTime" time="1.679"/>
  <testcase classname="testCases.TC_001_HomePageCab" name="clickSearchButton" time="8.575"/>
  <testcase classname="testCases.TC_002_SearchedCabPage" name="verifySUVs" time="2.519"/>
  <testcase classname="testCases.TC_003_GiftCardPage" name="weddingCardTest" time="9.683"/>
  <testcase classname="testCases.TC_004_UserDetails" name="enterUserDetailsTest" time="6.188"/>
  <testcase classname="testCases.TC_004_UserDetails" name="getErrorMessage" time="0.432"/>
  <testcase classname="testCases.TC_004_UserDetails" name="clickHotels" time="1.669"/>
  <testcase classname="testCases.TC_004_UserDetails" name="getNumberOfPeopleTest" time="4.196"/>
</testsuite> <!-- Default test -->
