<?xml version="1.0" encoding="UTF-8"?>
<!-- Generated by org.testng.reporters.JUnitXMLReporter -->
<testsuite ignored="0" hostname="LTIN202182" failures="0" tests="13" name="Test" time="130.91" errors="0" timestamp="2024-02-26T16:14:36 IST">
  <testcase classname="testCases.TC_001_HomePageCab" name="closeAdvertisement" time="20.343"/>
  <testcase classname="testCases.TC_001_HomePageCab" name="cabSelectTest" time="0.707"/>
  <testcase classname="testCases.TC_001_HomePageCab" name="selectFromCity" time="1.705"/>
  <testcase classname="testCases.TC_001_HomePageCab" name="selectToCity" time="2.121"/>
  <testcase classname="testCases.TC_001_HomePageCab" name="selectPickUpDate" time="0.213"/>
  <testcase classname="testCases.TC_001_HomePageCab" name="selectPickUpTime" time="1.653"/>
  <testcase classname="testCases.TC_001_HomePageCab" name="clickSearchButton" time="3.873"/>
  <testcase classname="testCases.TC_001_HomePageCab" name="verifySUVs" time="5.142"/>
  <testcase classname="testCases.TC_002_GiftCardPage" name="weddingCardTest" time="27.98"/>
  <testcase classname="testCases.TC_002_GiftCardPage" name="enterUserDetailsTest" time="4.759"/>
  <testcase classname="testCases.TC_002_GiftCardPage" name="getErrorMessage" time="0.543"/>
  <testcase classname="testCases.TC_003_UserDetails" name="clickHotels" time="20.48"/>
  <testcase classname="testCases.TC_003_UserDetails" name="getNumberOfPeopleTest" time="5.634"/>
</testsuite> <!-- Test -->
