<?xml version="1.0" encoding="UTF-8"?>
<!-- Generated by org.testng.reporters.JUnitXMLReporter -->
<testsuite ignored="0" hostname="LTIN202182" failures="0" tests="13" name="Test" time="219.992" errors="0" timestamp="2024-02-29T00:58:04 IST">
  <testcase classname="testCases.TC_001_HomePageCab" name="closeAdvertisement" time="20.339"/>
  <testcase classname="testCases.TC_001_HomePageCab" name="cabSelectTest" time="0.733"/>
  <testcase classname="testCases.TC_001_HomePageCab" name="selectFromCity" time="1.588"/>
  <testcase classname="testCases.TC_001_HomePageCab" name="selectToCity" time="2.288"/>
  <testcase classname="testCases.TC_001_HomePageCab" name="selectPickUpDate" time="0.216"/>
  <testcase classname="testCases.TC_001_HomePageCab" name="selectPickUpTime" time="1.584"/>
  <testcase classname="testCases.TC_001_HomePageCab" name="clickSearchButton" time="2.587"/>
  <testcase classname="testCases.TC_001_HomePageCab" name="verifySUVs" time="4.699"/>
  <testcase classname="testCases.TC_002_GiftCardPage" name="weddingCardTest" time="24.356"/>
  <testcase classname="testCases.TC_002_GiftCardPage" name="enterUserDetailsTest" time="3.743"/>
  <testcase classname="testCases.TC_002_GiftCardPage" name="getErrorMessage" time="0.481"/>
  <testcase classname="testCases.TC_003_UserDetails" name="clickHotels" time="20.432"/>
  <testcase classname="testCases.TC_003_UserDetails" name="getNumberOfPeopleTest" time="4.564"/>
</testsuite> <!-- Test -->
