<?xml version="1.0" encoding="UTF-8"?>
<!-- Generated by org.testng.reporters.JUnitXMLReporter -->
<testsuite ignored="0" hostname="LTIN202182" failures="0" tests="13" name="Test" time="244.408" errors="0" timestamp="2024-02-28T21:50:12 IST">
  <testcase classname="testCases.TC_001_HomePageCab" name="closeAdvertisement" time="20.675"/>
  <testcase classname="testCases.TC_001_HomePageCab" name="cabSelectTest" time="0.738"/>
  <testcase classname="testCases.TC_001_HomePageCab" name="selectFromCity" time="1.576"/>
  <testcase classname="testCases.TC_001_HomePageCab" name="selectToCity" time="4.794"/>
  <testcase classname="testCases.TC_001_HomePageCab" name="selectPickUpDate" time="0.471"/>
  <testcase classname="testCases.TC_001_HomePageCab" name="selectPickUpTime" time="3.679"/>
  <testcase classname="testCases.TC_001_HomePageCab" name="clickSearchButton" time="6.343"/>
  <testcase classname="testCases.TC_001_HomePageCab" name="verifySUVs" time="6.198"/>
  <testcase classname="testCases.TC_002_GiftCardPage" name="weddingCardTest" time="23.553"/>
  <testcase classname="testCases.TC_002_GiftCardPage" name="enterUserDetailsTest" time="4.043"/>
  <testcase classname="testCases.TC_002_GiftCardPage" name="getErrorMessage" time="0.43"/>
  <testcase classname="testCases.TC_003_UserDetails" name="clickHotels" time="20.352"/>
  <testcase classname="testCases.TC_003_UserDetails" name="getNumberOfPeopleTest" time="4.446"/>
</testsuite> <!-- Test -->
