<?xml version="1.0" encoding="UTF-8"?>
<testng-results ignored="0" total="13" passed="13" failed="0" skipped="0">
  <reporter-output>
  </reporter-output>
  <suite started-at="2024-02-28T21:45:55 IST" name="Suite" finished-at="2024-02-28T21:49:59 IST" duration-ms="244408">
    <groups>
      <group name="sanity">
        <method signature="TC_001_HomePageCab.closeAdvertisement()[pri:1, instance:testCases.TC_001_HomePageCab@3a93b025]" name="closeAdvertisement" class="testCases.TC_001_HomePageCab"/>
        <method signature="TC_001_HomePageCab.cabSelectTest()[pri:2, instance:testCases.TC_001_HomePageCab@3a93b025]" name="cabSelectTest" class="testCases.TC_001_HomePageCab"/>
        <method signature="TC_001_HomePageCab.selectFromCity()[pri:3, instance:testCases.TC_001_HomePageCab@3a93b025]" name="selectFromCity" class="testCases.TC_001_HomePageCab"/>
        <method signature="TC_001_HomePageCab.selectToCity()[pri:4, instance:testCases.TC_001_HomePageCab@3a93b025]" name="selectToCity" class="testCases.TC_001_HomePageCab"/>
        <method signature="TC_001_HomePageCab.selectPickUpDate()[pri:5, instance:testCases.TC_001_HomePageCab@3a93b025]" name="selectPickUpDate" class="testCases.TC_001_HomePageCab"/>
        <method signature="TC_001_HomePageCab.selectPickUpTime()[pri:6, instance:testCases.TC_001_HomePageCab@3a93b025]" name="selectPickUpTime" class="testCases.TC_001_HomePageCab"/>
        <method signature="TC_001_HomePageCab.clickSearchButton()[pri:7, instance:testCases.TC_001_HomePageCab@3a93b025]" name="clickSearchButton" class="testCases.TC_001_HomePageCab"/>
        <method signature="TC_001_HomePageCab.verifySUVs()[pri:8, instance:testCases.TC_001_HomePageCab@3a93b025]" name="verifySUVs" class="testCases.TC_001_HomePageCab"/>
        <method signature="TC_002_GiftCardPage.weddingCardTest()[pri:9, instance:testCases.TC_002_GiftCardPage@36902638]" name="weddingCardTest" class="testCases.TC_002_GiftCardPage"/>
        <method signature="TC_002_GiftCardPage.enterUserDetailsTest()[pri:10, instance:testCases.TC_002_GiftCardPage@36902638]" name="enterUserDetailsTest" class="testCases.TC_002_GiftCardPage"/>
        <method signature="TC_002_GiftCardPage.getErrorMessage()[pri:11, instance:testCases.TC_002_GiftCardPage@36902638]" name="getErrorMessage" class="testCases.TC_002_GiftCardPage"/>
        <method signature="TC_003_UserDetails.clickHotels()[pri:12, instance:testCases.TC_003_UserDetails@223d2c72]" name="clickHotels" class="testCases.TC_003_UserDetails"/>
        <method signature="TC_003_UserDetails.getNumberOfPeopleTest()[pri:13, instance:testCases.TC_003_UserDetails@223d2c72]" name="getNumberOfPeopleTest" class="testCases.TC_003_UserDetails"/>
      </group> <!-- sanity -->
    </groups>
    <test started-at="2024-02-28T21:45:55 IST" name="Test" finished-at="2024-02-28T21:49:59 IST" duration-ms="244408">
      <class name="testCases.TC_003_UserDetails">
        <test-method is-config="true" signature="setup(java.lang.String,java.lang.String)[pri:0, instance:testCases.TC_003_UserDetails@223d2c72]" started-at="2024-02-28T21:48:49 IST" name="setup" finished-at="2024-02-28T21:49:33 IST" duration-ms="43639" status="PASS">
          <params>
            <param index="0">
              <value>
                <![CDATA[window]]>
              </value>
            </param>
            <param index="1">
              <value>
                <![CDATA[chrome]]>
              </value>
            </param>
          </params>
          <reporter-output>
          </reporter-output>
        </test-method> <!-- setup -->
        <test-method signature="clickHotels()[pri:12, instance:testCases.TC_003_UserDetails@223d2c72]" started-at="2024-02-28T21:49:33 IST" name="clickHotels" finished-at="2024-02-28T21:49:53 IST" duration-ms="20352" status="PASS">
          <reporter-output>
          </reporter-output>
        </test-method> <!-- clickHotels -->
        <test-method signature="getNumberOfPeopleTest()[pri:13, instance:testCases.TC_003_UserDetails@223d2c72]" started-at="2024-02-28T21:49:53 IST" name="getNumberOfPeopleTest" finished-at="2024-02-28T21:49:58 IST" duration-ms="4446" status="PASS">
          <reporter-output>
          </reporter-output>
        </test-method> <!-- getNumberOfPeopleTest -->
        <test-method is-config="true" signature="tearDown()[pri:0, instance:testCases.TC_003_UserDetails@223d2c72]" started-at="2024-02-28T21:49:58 IST" name="tearDown" finished-at="2024-02-28T21:49:59 IST" duration-ms="1301" status="PASS">
          <reporter-output>
          </reporter-output>
        </test-method> <!-- tearDown -->
      </class> <!-- testCases.TC_003_UserDetails -->
      <class name="testCases.TC_001_HomePageCab">
        <test-method is-config="true" signature="setup(java.lang.String,java.lang.String)[pri:0, instance:testCases.TC_001_HomePageCab@3a93b025]" started-at="2024-02-28T21:45:55 IST" name="setup" finished-at="2024-02-28T21:46:50 IST" duration-ms="54624" status="PASS">
          <params>
            <param index="0">
              <value>
                <![CDATA[window]]>
              </value>
            </param>
            <param index="1">
              <value>
                <![CDATA[chrome]]>
              </value>
            </param>
          </params>
          <reporter-output>
          </reporter-output>
        </test-method> <!-- setup -->
        <test-method signature="closeAdvertisement()[pri:1, instance:testCases.TC_001_HomePageCab@3a93b025]" started-at="2024-02-28T21:46:50 IST" name="closeAdvertisement" finished-at="2024-02-28T21:47:11 IST" duration-ms="20675" status="PASS">
          <reporter-output>
          </reporter-output>
        </test-method> <!-- closeAdvertisement -->
        <test-method signature="cabSelectTest()[pri:2, instance:testCases.TC_001_HomePageCab@3a93b025]" started-at="2024-02-28T21:47:11 IST" name="cabSelectTest" finished-at="2024-02-28T21:47:12 IST" duration-ms="738" status="PASS">
          <reporter-output>
          </reporter-output>
        </test-method> <!-- cabSelectTest -->
        <test-method signature="selectFromCity()[pri:3, instance:testCases.TC_001_HomePageCab@3a93b025]" started-at="2024-02-28T21:47:12 IST" name="selectFromCity" finished-at="2024-02-28T21:47:13 IST" duration-ms="1576" status="PASS">
          <reporter-output>
          </reporter-output>
        </test-method> <!-- selectFromCity -->
        <test-method signature="selectToCity()[pri:4, instance:testCases.TC_001_HomePageCab@3a93b025]" started-at="2024-02-28T21:47:13 IST" name="selectToCity" finished-at="2024-02-28T21:47:18 IST" duration-ms="4794" status="PASS">
          <reporter-output>
          </reporter-output>
        </test-method> <!-- selectToCity -->
        <test-method signature="selectPickUpDate()[pri:5, instance:testCases.TC_001_HomePageCab@3a93b025]" started-at="2024-02-28T21:47:18 IST" name="selectPickUpDate" finished-at="2024-02-28T21:47:19 IST" duration-ms="471" status="PASS">
          <reporter-output>
          </reporter-output>
        </test-method> <!-- selectPickUpDate -->
        <test-method signature="selectPickUpTime()[pri:6, instance:testCases.TC_001_HomePageCab@3a93b025]" started-at="2024-02-28T21:47:19 IST" name="selectPickUpTime" finished-at="2024-02-28T21:47:22 IST" duration-ms="3679" status="PASS">
          <reporter-output>
          </reporter-output>
        </test-method> <!-- selectPickUpTime -->
        <test-method signature="clickSearchButton()[pri:7, instance:testCases.TC_001_HomePageCab@3a93b025]" started-at="2024-02-28T21:47:22 IST" name="clickSearchButton" finished-at="2024-02-28T21:47:29 IST" duration-ms="6343" status="PASS">
          <reporter-output>
          </reporter-output>
        </test-method> <!-- clickSearchButton -->
        <test-method signature="verifySUVs()[pri:8, instance:testCases.TC_001_HomePageCab@3a93b025]" started-at="2024-02-28T21:47:29 IST" name="verifySUVs" finished-at="2024-02-28T21:47:35 IST" duration-ms="6198" status="PASS">
          <reporter-output>
          </reporter-output>
        </test-method> <!-- verifySUVs -->
        <test-method is-config="true" signature="tearDown()[pri:0, instance:testCases.TC_001_HomePageCab@3a93b025]" started-at="2024-02-28T21:47:35 IST" name="tearDown" finished-at="2024-02-28T21:47:36 IST" duration-ms="1303" status="PASS">
          <reporter-output>
          </reporter-output>
        </test-method> <!-- tearDown -->
      </class> <!-- testCases.TC_001_HomePageCab -->
      <class name="testCases.TC_002_GiftCardPage">
        <test-method is-config="true" signature="setup(java.lang.String,java.lang.String)[pri:0, instance:testCases.TC_002_GiftCardPage@36902638]" started-at="2024-02-28T21:47:36 IST" name="setup" finished-at="2024-02-28T21:48:20 IST" duration-ms="43964" status="PASS">
          <params>
            <param index="0">
              <value>
                <![CDATA[window]]>
              </value>
            </param>
            <param index="1">
              <value>
                <![CDATA[chrome]]>
              </value>
            </param>
          </params>
          <reporter-output>
          </reporter-output>
        </test-method> <!-- setup -->
        <test-method signature="weddingCardTest()[pri:9, instance:testCases.TC_002_GiftCardPage@36902638]" started-at="2024-02-28T21:48:20 IST" name="weddingCardTest" finished-at="2024-02-28T21:48:44 IST" duration-ms="23553" status="PASS">
          <reporter-output>
          </reporter-output>
        </test-method> <!-- weddingCardTest -->
        <test-method signature="enterUserDetailsTest()[pri:10, instance:testCases.TC_002_GiftCardPage@36902638]" started-at="2024-02-28T21:48:44 IST" name="enterUserDetailsTest" finished-at="2024-02-28T21:48:48 IST" duration-ms="4043" status="PASS">
          <reporter-output>
          </reporter-output>
        </test-method> <!-- enterUserDetailsTest -->
        <test-method signature="getErrorMessage()[pri:11, instance:testCases.TC_002_GiftCardPage@36902638]" started-at="2024-02-28T21:48:48 IST" name="getErrorMessage" finished-at="2024-02-28T21:48:48 IST" duration-ms="430" status="PASS">
          <reporter-output>
          </reporter-output>
        </test-method> <!-- getErrorMessage -->
        <test-method is-config="true" signature="tearDown()[pri:0, instance:testCases.TC_002_GiftCardPage@36902638]" started-at="2024-02-28T21:48:48 IST" name="tearDown" finished-at="2024-02-28T21:48:49 IST" duration-ms="1267" status="PASS">
          <reporter-output>
          </reporter-output>
        </test-method> <!-- tearDown -->
      </class> <!-- testCases.TC_002_GiftCardPage -->
    </test> <!-- Test -->
  </suite> <!-- Suite -->
</testng-results>
