<?xml version="1.0" encoding="UTF-8"?>
<testsuite xmlns:xsi="http://www.w3.org/2001/XMLSchema-instance" xsi:noNamespaceSchemaLocation="https://maven.apache.org/surefire/maven-surefire-plugin/xsd/surefire-test-report-3.0.xsd" version="3.0" name="TestSuite" time="258.377" tests="13" errors="0" skipped="0" failures="0">
  <properties>
[...]
</properties>
  <testcase name="closeAdvertisement" classname="testCases.TC_001_HomePageCab" time="20.725">
    <system-out><![CDATA[org.openqa.selenium.NoSuchFrameException: No frame element found by name or id webklipper-publisher-widget-container-notification-frame
Build info: version: '4.16.1', revision: '9b4c83354e'
System info: os.name: 'Windows 11', os.arch: 'amd64', os.version: '10.0', java.version: '17.0.2'
Driver info: driver.version: unknown
]]></system-out>
    <system-err><![CDATA[SLF4J: No SLF4J providers were found.
SLF4J: Defaulting to no-operation (NOP) logger implementation
SLF4J: See https://www.slf4j.org/codes.html#noProviders for further details.
]]></system-err>
  </testcase>
  <testcase name="cabSelectTest" classname="testCases.TC_001_HomePageCab" time="0.734"/>
  <testcase name="selectFromCity" classname="testCases.TC_001_HomePageCab" time="1.584"/>
  <testcase name="selectToCity" classname="testCases.TC_001_HomePageCab" time="4.773"/>
  <testcase name="selectPickUpDate" classname="testCases.TC_001_HomePageCab" time="0.47"/>
  <testcase name="selectPickUpTime" classname="testCases.TC_001_HomePageCab" time="3.677"/>
  <testcase name="clickSearchButton" classname="testCases.TC_001_HomePageCab" time="6.341"/>
  <testcase name="verifySUVs" classname="testCases.TC_001_HomePageCab" time="6.199">
    <system-out><![CDATA[Searched cab Prices: [8441, 12663, 18200]
Lowest prices: 
8441
12663
]]></system-out>
  </testcase>
  <testcase name="weddingCardTest" classname="testCases.TC_002_GiftCardPage" time="23.553">
    <system-out><![CDATA[org.openqa.selenium.NoSuchFrameException: No frame element found by name or id webklipper-publisher-widget-container-notification-frame
Build info: version: '4.16.1', revision: '9b4c83354e'
System info: os.name: 'Windows 11', os.arch: 'amd64', os.version: '10.0', java.version: '17.0.2'
Driver info: driver.version: unknown
Wedding Gift Card
]]></system-out>
  </testcase>
  <testcase name="enterUserDetailsTest" classname="testCases.TC_002_GiftCardPage" time="4.043"/>
  <testcase name="getErrorMessage" classname="testCases.TC_002_GiftCardPage" time="0.432">
    <system-out><![CDATA[Recipient's alert: Please enter a valid Email id.
Sender's alert: Please enter a valid Email id.
]]></system-out>
  </testcase>
  <testcase name="clickHotels" classname="testCases.TC_003_UserDetails" time="20.356">
    <system-out><![CDATA[org.openqa.selenium.NoSuchFrameException: No frame element found by name or id webklipper-publisher-widget-container-notification-frame
Build info: version: '4.16.1', revision: '9b4c83354e'
System info: os.name: 'Windows 11', os.arch: 'amd64', os.version: '10.0', java.version: '17.0.2'
Driver info: driver.version: unknown
]]></system-out>
  </testcase>
  <testcase name="getNumberOfPeopleTest" classname="testCases.TC_003_UserDetails" time="4.445">
    <system-out><![CDATA[------------------------------------
Displaying number of adults
------------------------------------
01,02,03,04,05,06,07,08,09,10,11,12,13,14,15,16,17,18,19,20,21,22,23,24,25,26,27,28,29,30,31,32,33,34,35,36,37,38,39,40,]]></system-out>
  </testcase>
</testsuite>