<?xml version="1.0" encoding="UTF-8"?>
<testng-results ignored="0" total="13" passed="13" failed="0" skipped="0">
  <reporter-output>
  </reporter-output>
  <suite started-at="2024-02-26T16:12:14 IST" name="Suite" finished-at="2024-02-26T16:14:25 IST" duration-ms="130910">
    <groups>
      <group name="sanity">
        <method signature="TC_001_HomePageCab.closeAdvertisement()[pri:1, instance:testCases.TC_001_HomePageCab@6150c3ec]" name="closeAdvertisement" class="testCases.TC_001_HomePageCab"/>
        <method signature="TC_001_HomePageCab.cabSelectTest()[pri:2, instance:testCases.TC_001_HomePageCab@6150c3ec]" name="cabSelectTest" class="testCases.TC_001_HomePageCab"/>
        <method signature="TC_001_HomePageCab.selectFromCity()[pri:3, instance:testCases.TC_001_HomePageCab@6150c3ec]" name="selectFromCity" class="testCases.TC_001_HomePageCab"/>
        <method signature="TC_001_HomePageCab.selectToCity()[pri:4, instance:testCases.TC_001_HomePageCab@6150c3ec]" name="selectToCity" class="testCases.TC_001_HomePageCab"/>
        <method signature="TC_001_HomePageCab.selectPickUpDate()[pri:5, instance:testCases.TC_001_HomePageCab@6150c3ec]" name="selectPickUpDate" class="testCases.TC_001_HomePageCab"/>
        <method signature="TC_001_HomePageCab.selectPickUpTime()[pri:6, instance:testCases.TC_001_HomePageCab@6150c3ec]" name="selectPickUpTime" class="testCases.TC_001_HomePageCab"/>
        <method signature="TC_001_HomePageCab.clickSearchButton()[pri:7, instance:testCases.TC_001_HomePageCab@6150c3ec]" name="clickSearchButton" class="testCases.TC_001_HomePageCab"/>
        <method signature="TC_001_HomePageCab.verifySUVs()[pri:8, instance:testCases.TC_001_HomePageCab@6150c3ec]" name="verifySUVs" class="testCases.TC_001_HomePageCab"/>
        <method signature="TC_002_GiftCardPage.weddingCardTest()[pri:9, instance:testCases.TC_002_GiftCardPage@5aa9e4eb]" name="weddingCardTest" class="testCases.TC_002_GiftCardPage"/>
        <method signature="TC_002_GiftCardPage.enterUserDetailsTest()[pri:10, instance:testCases.TC_002_GiftCardPage@5aa9e4eb]" name="enterUserDetailsTest" class="testCases.TC_002_GiftCardPage"/>
        <method signature="TC_002_GiftCardPage.getErrorMessage()[pri:11, instance:testCases.TC_002_GiftCardPage@5aa9e4eb]" name="getErrorMessage" class="testCases.TC_002_GiftCardPage"/>
        <method signature="TC_003_UserDetails.clickHotels()[pri:12, instance:testCases.TC_003_UserDetails@6989da5e]" name="clickHotels" class="testCases.TC_003_UserDetails"/>
        <method signature="TC_003_UserDetails.getNumberOfPeopleTest()[pri:13, instance:testCases.TC_003_UserDetails@6989da5e]" name="getNumberOfPeopleTest" class="testCases.TC_003_UserDetails"/>
      </group> <!-- sanity -->
    </groups>
    <test started-at="2024-02-26T16:12:14 IST" name="Test" finished-at="2024-02-26T16:14:25 IST" duration-ms="130910">
      <class name="testCases.TC_003_UserDetails">
        <test-method is-config="true" signature="setup(java.lang.String,java.lang.String)[pri:0, instance:testCases.TC_003_UserDetails@6989da5e]" started-at="2024-02-26T16:13:47 IST" name="setup" finished-at="2024-02-26T16:13:58 IST" duration-ms="10910" status="PASS">
          <params>
            <param index="0">
              <value>
                <![CDATA[window]]>
              </value>
            </param>
            <param index="1">
              <value>
                <![CDATA[chrome]]>
              </value>
            </param>
          </params>
          <reporter-output>
          </reporter-output>
        </test-method> <!-- setup -->
        <test-method signature="clickHotels()[pri:12, instance:testCases.TC_003_UserDetails@6989da5e]" started-at="2024-02-26T16:13:58 IST" name="clickHotels" finished-at="2024-02-26T16:14:18 IST" duration-ms="20480" status="PASS">
          <reporter-output>
          </reporter-output>
        </test-method> <!-- clickHotels -->
        <test-method signature="getNumberOfPeopleTest()[pri:13, instance:testCases.TC_003_UserDetails@6989da5e]" started-at="2024-02-26T16:14:18 IST" name="getNumberOfPeopleTest" finished-at="2024-02-26T16:14:24 IST" duration-ms="5634" status="PASS">
          <reporter-output>
          </reporter-output>
        </test-method> <!-- getNumberOfPeopleTest -->
        <test-method is-config="true" signature="tearDown()[pri:0, instance:testCases.TC_003_UserDetails@6989da5e]" started-at="2024-02-26T16:14:24 IST" name="tearDown" finished-at="2024-02-26T16:14:25 IST" duration-ms="1464" status="PASS">
          <reporter-output>
          </reporter-output>
        </test-method> <!-- tearDown -->
      </class> <!-- testCases.TC_003_UserDetails -->
      <class name="testCases.TC_001_HomePageCab">
        <test-method is-config="true" signature="setup(java.lang.String,java.lang.String)[pri:0, instance:testCases.TC_001_HomePageCab@6150c3ec]" started-at="2024-02-26T16:12:15 IST" name="setup" finished-at="2024-02-26T16:12:27 IST" duration-ms="12606" status="PASS">
          <params>
            <param index="0">
              <value>
                <![CDATA[window]]>
              </value>
            </param>
            <param index="1">
              <value>
                <![CDATA[chrome]]>
              </value>
            </param>
          </params>
          <reporter-output>
          </reporter-output>
        </test-method> <!-- setup -->
        <test-method signature="closeAdvertisement()[pri:1, instance:testCases.TC_001_HomePageCab@6150c3ec]" started-at="2024-02-26T16:12:28 IST" name="closeAdvertisement" finished-at="2024-02-26T16:12:48 IST" duration-ms="20343" status="PASS">
          <reporter-output>
          </reporter-output>
        </test-method> <!-- closeAdvertisement -->
        <test-method signature="cabSelectTest()[pri:2, instance:testCases.TC_001_HomePageCab@6150c3ec]" started-at="2024-02-26T16:12:48 IST" name="cabSelectTest" finished-at="2024-02-26T16:12:49 IST" duration-ms="707" status="PASS">
          <reporter-output>
          </reporter-output>
        </test-method> <!-- cabSelectTest -->
        <test-method signature="selectFromCity()[pri:3, instance:testCases.TC_001_HomePageCab@6150c3ec]" started-at="2024-02-26T16:12:49 IST" name="selectFromCity" finished-at="2024-02-26T16:12:50 IST" duration-ms="1705" status="PASS">
          <reporter-output>
          </reporter-output>
        </test-method> <!-- selectFromCity -->
        <test-method signature="selectToCity()[pri:4, instance:testCases.TC_001_HomePageCab@6150c3ec]" started-at="2024-02-26T16:12:50 IST" name="selectToCity" finished-at="2024-02-26T16:12:53 IST" duration-ms="2121" status="PASS">
          <reporter-output>
          </reporter-output>
        </test-method> <!-- selectToCity -->
        <test-method signature="selectPickUpDate()[pri:5, instance:testCases.TC_001_HomePageCab@6150c3ec]" started-at="2024-02-26T16:12:53 IST" name="selectPickUpDate" finished-at="2024-02-26T16:12:53 IST" duration-ms="213" status="PASS">
          <reporter-output>
          </reporter-output>
        </test-method> <!-- selectPickUpDate -->
        <test-method signature="selectPickUpTime()[pri:6, instance:testCases.TC_001_HomePageCab@6150c3ec]" started-at="2024-02-26T16:12:53 IST" name="selectPickUpTime" finished-at="2024-02-26T16:12:54 IST" duration-ms="1653" status="PASS">
          <reporter-output>
          </reporter-output>
        </test-method> <!-- selectPickUpTime -->
        <test-method signature="clickSearchButton()[pri:7, instance:testCases.TC_001_HomePageCab@6150c3ec]" started-at="2024-02-26T16:12:54 IST" name="clickSearchButton" finished-at="2024-02-26T16:12:58 IST" duration-ms="3873" status="PASS">
          <reporter-output>
          </reporter-output>
        </test-method> <!-- clickSearchButton -->
        <test-method signature="verifySUVs()[pri:8, instance:testCases.TC_001_HomePageCab@6150c3ec]" started-at="2024-02-26T16:12:58 IST" name="verifySUVs" finished-at="2024-02-26T16:13:03 IST" duration-ms="5142" status="PASS">
          <reporter-output>
          </reporter-output>
        </test-method> <!-- verifySUVs -->
        <test-method is-config="true" signature="tearDown()[pri:0, instance:testCases.TC_001_HomePageCab@6150c3ec]" started-at="2024-02-26T16:13:03 IST" name="tearDown" finished-at="2024-02-26T16:13:05 IST" duration-ms="1237" status="PASS">
          <reporter-output>
          </reporter-output>
        </test-method> <!-- tearDown -->
      </class> <!-- testCases.TC_001_HomePageCab -->
      <class name="testCases.TC_002_GiftCardPage">
        <test-method is-config="true" signature="setup(java.lang.String,java.lang.String)[pri:0, instance:testCases.TC_002_GiftCardPage@5aa9e4eb]" started-at="2024-02-26T16:13:05 IST" name="setup" finished-at="2024-02-26T16:13:12 IST" duration-ms="7051" status="PASS">
          <params>
            <param index="0">
              <value>
                <![CDATA[window]]>
              </value>
            </param>
            <param index="1">
              <value>
                <![CDATA[chrome]]>
              </value>
            </param>
          </params>
          <reporter-output>
          </reporter-output>
        </test-method> <!-- setup -->
        <test-method signature="weddingCardTest()[pri:9, instance:testCases.TC_002_GiftCardPage@5aa9e4eb]" started-at="2024-02-26T16:13:12 IST" name="weddingCardTest" finished-at="2024-02-26T16:13:40 IST" duration-ms="27980" status="PASS">
          <reporter-output>
          </reporter-output>
        </test-method> <!-- weddingCardTest -->
        <test-method signature="enterUserDetailsTest()[pri:10, instance:testCases.TC_002_GiftCardPage@5aa9e4eb]" started-at="2024-02-26T16:13:40 IST" name="enterUserDetailsTest" finished-at="2024-02-26T16:13:44 IST" duration-ms="4759" status="PASS">
          <reporter-output>
          </reporter-output>
        </test-method> <!-- enterUserDetailsTest -->
        <test-method signature="getErrorMessage()[pri:11, instance:testCases.TC_002_GiftCardPage@5aa9e4eb]" started-at="2024-02-26T16:13:44 IST" name="getErrorMessage" finished-at="2024-02-26T16:13:45 IST" duration-ms="543" status="PASS">
          <reporter-output>
          </reporter-output>
        </test-method> <!-- getErrorMessage -->
        <test-method is-config="true" signature="tearDown()[pri:0, instance:testCases.TC_002_GiftCardPage@5aa9e4eb]" started-at="2024-02-26T16:13:45 IST" name="tearDown" finished-at="2024-02-26T16:13:47 IST" duration-ms="1637" status="PASS">
          <reporter-output>
          </reporter-output>
        </test-method> <!-- tearDown -->
      </class> <!-- testCases.TC_002_GiftCardPage -->
    </test> <!-- Test -->
  </suite> <!-- Suite -->
</testng-results>
